# JRE version: 7.0_09-b05
# Java VM: Java HotSpot(TM) 64-Bit Server VM (23.5-b02 mixed mode windows-amd64 compressed oops)
Heap
 PSYoungGen      total 27456K, used 6182K [0x00000000e1560000, 0x00000000e3400000, 0x0000000100000000)
  eden space 23552K, 9% used [0x00000000e1560000,0x00000000e179e928,0x00000000e2c60000)
  from space 3904K, 99% used [0x00000000e3030000,0x00000000e33fb050,0x00000000e3400000)
  to   space 3904K, 0% used [0x00000000e2c60000,0x00000000e2c60000,0x00000000e3030000)
 ParOldGen       total 62784K, used 4131K [0x00000000a4000000, 0x00000000a7d50000, 0x00000000e1560000)
  object space 62784K, 6% used [0x00000000a4000000,0x00000000a4408f00,0x00000000a7d50000)
 PSPermGen       total 21248K, used 18789K [0x000000009ee00000, 0x00000000a02c0000, 0x00000000a4000000)
  object space 21248K, 88% used [0x000000009ee00000,0x00000000a0059638,0x00000000a02c0000)
GC Heap History (4 events):
Event: 6.088 GC heap before
{Heap before GC invocations=1 (full 0):
 PSYoungGen      total 27456K, used 23552K [0x00000000e1560000, 0x00000000e3400000, 0x0000000100000000)
  eden space 23552K, 100% used [0x00000000e1560000,0x00000000e2c60000,0x00000000e2c60000)
  from space 3904K, 0% used [0x00000000e3030000,0x00000000e3030000,0x00000000e3400000)
  to   space 3904K, 0% used [0x00000000e2c60000,0x00000000e2c60000,0x00000000e3030000)
 ParOldGen       total 62784K, used 0K [0x00000000a4000000, 0x00000000a7d50000, 0x00000000e1560000)
  object space 62784K, 0% used [0x00000000a4000000,0x00000000a4000000,0x00000000a7d50000)
 PSPermGen       total 21248K, used 13130K [0x000000009ee00000, 0x00000000a02c0000, 0x00000000a4000000)
  object space 21248K, 61% used [0x000000009ee00000,0x000000009fad2a20,0x00000000a02c0000)
Event: 6.095 GC heap after
Heap after GC invocations=1 (full 0):
 PSYoungGen      total 27456K, used 3052K [0x00000000e1560000, 0x00000000e3400000, 0x0000000100000000)
  eden space 23552K, 0% used [0x00000000e1560000,0x00000000e1560000,0x00000000e2c60000)
  from space 3904K, 78% used [0x00000000e2c60000,0x00000000e2f5b050,0x00000000e3030000)
  to   space 3904K, 0% used [0x00000000e3030000,0x00000000e3030000,0x00000000e3400000)
 ParOldGen       total 62784K, used 8K [0x00000000a4000000, 0x00000000a7d50000, 0x00000000e1560000)
  object space 62784K, 0% used [0x00000000a4000000,0x00000000a4002000,0x00000000a7d50000)
 PSPermGen       total 21248K, used 13130K [0x000000009ee00000, 0x00000000a02c0000, 0x00000000a4000000)
  object space 21248K, 61% used [0x000000009ee00000,0x000000009fad2a20,0x00000000a02c0000)
}
Event: 83.679 GC heap before
{Heap before GC invocations=2 (full 0):
 PSYoungGen      total 27456K, used 26604K [0x00000000e1560000, 0x00000000e3400000, 0x0000000100000000)
  eden space 23552K, 100% used [0x00000000e1560000,0x00000000e2c60000,0x00000000e2c60000)
  from space 3904K, 78% used [0x00000000e2c60000,0x00000000e2f5b050,0x00000000e3030000)
  to   space 3904K, 0% used [0x00000000e3030000,0x00000000e3030000,0x00000000e3400000)
 ParOldGen       total 62784K, used 8K [0x00000000a4000000, 0x00000000a7d50000, 0x00000000e1560000)
  object space 62784K, 0% used [0x00000000a4000000,0x00000000a4002000,0x00000000a7d50000)
 PSPermGen       total 21248K, used 18773K [0x000000009ee00000, 0x00000000a02c0000, 0x00000000a4000000)
  object space 21248K, 88% used [0x000000009ee00000,0x00000000a00554d0,0x00000000a02c0000)
Event: 83.695 GC heap after
Heap after GC invocations=2 (full 0):
 PSYoungGen      total 27456K, used 3884K [0x00000000e1560000, 0x00000000e3400000, 0x0000000100000000)
  eden space 23552K, 0% used [0x00000000e1560000,0x00000000e1560000,0x00000000e2c60000)
  from space 3904K, 99% used [0x00000000e3030000,0x00000000e33fb050,0x00000000e3400000)
  to   space 3904K, 0% used [0x00000000e2c60000,0x00000000e2c60000,0x00000000e3030000)
 ParOldGen       total 62784K, used 4131K [0x00000000a4000000, 0x00000000a7d50000, 0x00000000e1560000)
  object space 62784K, 6% used [0x00000000a4000000,0x00000000a4408f00,0x00000000a7d50000)
 PSPermGen       total 21248K, used 18773K [0x000000009ee00000, 0x00000000a02c0000, 0x00000000a4000000)
  object space 21248K, 88% used [0x000000009ee00000,0x00000000a00554d0,0x00000000a02c0000)
}

